{"level":"info","message":"Executing (default): SELECT `mch_code`, `mch_name`, `ip_address`, `port_address`, `setId_address`, `setTimeout_address`, `address_register`, `quantity_register`, `data_register` FROM `ModbusApp` AS `ModbusApp`;","service":"user-service"}
{"level":"info","message":"Executing (default): SELECT `uuid`, `mch_code`, `data_result`, `createdAt`, `updatedAt` FROM `ModbusAppResult` AS `ModbusAppResult` WHERE `ModbusAppResult`.`mch_code` = 'PF-22601' AND (`ModbusAppResult`.`createdAt` < '2023-06-14 16:19:37' AND `ModbusAppResult`.`createdAt` > '2023-06-13 16:19:37');","service":"user-service"}
{"level":"info","message":"Executing (default): SELECT `uuid`, `mch_code`, `data_result`, `createdAt`, `updatedAt` FROM `ModbusAppResult` AS `ModbusAppResult` WHERE `ModbusAppResult`.`mch_code` = 'CN-16602' AND (`ModbusAppResult`.`createdAt` < '2023-06-14 16:19:37' AND `ModbusAppResult`.`createdAt` > '2023-06-13 16:19:37');","service":"user-service"}
{"level":"info","message":"Executing (default): SELECT `uuid`, `mch_code`, `data_result`, `createdAt`, `updatedAt` FROM `ModbusAppResult` AS `ModbusAppResult` WHERE `ModbusAppResult`.`mch_code` = 'CN-16601' AND (`ModbusAppResult`.`createdAt` < '2023-06-14 16:19:37' AND `ModbusAppResult`.`createdAt` > '2023-06-13 16:19:37');","service":"user-service"}
{"level":"info","message":"Executing (default): SELECT `uuid`, `mch_code`, `data_result`, `createdAt`, `updatedAt` FROM `ModbusAppResult` AS `ModbusAppResult` WHERE `ModbusAppResult`.`mch_code` = 'PF-22602' AND (`ModbusAppResult`.`createdAt` < '2023-06-14 16:19:37' AND `ModbusAppResult`.`createdAt` > '2023-06-13 16:19:37');","service":"user-service"}
{"level":"info","message":"Executing (default): UPDATE `ModbusAppResult` SET `mch_code`=?,`data_result`=?,`updatedAt`=? WHERE `uuid` = ?","service":"user-service"}
{"level":"info","message":"Executing (default): UPDATE `ModbusAppResult` SET `mch_code`=?,`data_result`=?,`updatedAt`=? WHERE `uuid` = ?","service":"user-service"}
{"level":"info","message":"Executing (default): UPDATE `ModbusAppResult` SET `mch_code`=?,`data_result`=?,`updatedAt`=? WHERE `uuid` = ?","service":"user-service"}
{"level":"info","message":"Executing (default): UPDATE `ModbusAppResult` SET `mch_code`=?,`data_result`=?,`updatedAt`=? WHERE `uuid` = ?","service":"user-service"}
{"level":"info","message":"Executing (default): SELECT `mch_code`, `mch_name`, `ip_address`, `port_address`, `setId_address`, `setTimeout_address`, `address_register`, `quantity_register`, `data_register` FROM `ModbusApp` AS `ModbusApp`;","service":"user-service"}
{"level":"info","message":"Executing (default): SELECT `uuid`, `mch_code`, `data_result`, `createdAt`, `updatedAt` FROM `ModbusAppResult` AS `ModbusAppResult` WHERE `ModbusAppResult`.`mch_code` = 'CN-16602' AND (`ModbusAppResult`.`createdAt` < '2023-06-14 16:19:47' AND `ModbusAppResult`.`createdAt` > '2023-06-13 16:19:47');","service":"user-service"}
{"level":"info","message":"Executing (default): UPDATE `ModbusAppResult` SET `mch_code`=?,`data_result`=?,`updatedAt`=? WHERE `uuid` = ?","service":"user-service"}
{"level":"info","message":"Executing (default): SELECT `uuid`, `mch_code`, `data_result`, `createdAt`, `updatedAt` FROM `ModbusAppResult` AS `ModbusAppResult` WHERE `ModbusAppResult`.`mch_code` = 'PF-22602' AND (`ModbusAppResult`.`createdAt` < '2023-06-14 16:19:47' AND `ModbusAppResult`.`createdAt` > '2023-06-13 16:19:47');","service":"user-service"}
{"level":"info","message":"Executing (default): SELECT `uuid`, `mch_code`, `data_result`, `createdAt`, `updatedAt` FROM `ModbusAppResult` AS `ModbusAppResult` WHERE `ModbusAppResult`.`mch_code` = 'CN-16601' AND (`ModbusAppResult`.`createdAt` < '2023-06-14 16:19:47' AND `ModbusAppResult`.`createdAt` > '2023-06-13 16:19:47');","service":"user-service"}
{"level":"info","message":"Executing (default): UPDATE `ModbusAppResult` SET `mch_code`=?,`data_result`=?,`updatedAt`=? WHERE `uuid` = ?","service":"user-service"}
{"level":"info","message":"Executing (default): UPDATE `ModbusAppResult` SET `mch_code`=?,`data_result`=?,`updatedAt`=? WHERE `uuid` = ?","service":"user-service"}
{"level":"info","message":"Executing (default): SELECT `uuid`, `mch_code`, `data_result`, `createdAt`, `updatedAt` FROM `ModbusAppResult` AS `ModbusAppResult` WHERE `ModbusAppResult`.`mch_code` = 'PF-22601' AND (`ModbusAppResult`.`createdAt` < '2023-06-14 16:19:47' AND `ModbusAppResult`.`createdAt` > '2023-06-13 16:19:47');","service":"user-service"}
{"level":"info","message":"Executing (default): UPDATE `ModbusAppResult` SET `mch_code`=?,`data_result`=?,`updatedAt`=? WHERE `uuid` = ?","service":"user-service"}
{"level":"info","message":"Executing (default): SELECT `mch_code`, `mch_name`, `ip_address`, `port_address`, `setId_address`, `setTimeout_address`, `address_register`, `quantity_register`, `data_register` FROM `ModbusApp` AS `ModbusApp`;","service":"user-service"}
{"level":"info","message":"Executing (default): SELECT `uuid`, `mch_code`, `data_result`, `createdAt`, `updatedAt` FROM `ModbusAppResult` AS `ModbusAppResult` WHERE `ModbusAppResult`.`mch_code` = 'CN-16601' AND (`ModbusAppResult`.`createdAt` < '2023-06-14 16:19:57' AND `ModbusAppResult`.`createdAt` > '2023-06-13 16:19:57');","service":"user-service"}
{"level":"info","message":"Executing (default): SELECT `uuid`, `mch_code`, `data_result`, `createdAt`, `updatedAt` FROM `ModbusAppResult` AS `ModbusAppResult` WHERE `ModbusAppResult`.`mch_code` = 'PF-22602' AND (`ModbusAppResult`.`createdAt` < '2023-06-14 16:19:57' AND `ModbusAppResult`.`createdAt` > '2023-06-13 16:19:57');","service":"user-service"}
{"level":"info","message":"Executing (default): SELECT `uuid`, `mch_code`, `data_result`, `createdAt`, `updatedAt` FROM `ModbusAppResult` AS `ModbusAppResult` WHERE `ModbusAppResult`.`mch_code` = 'PF-22601' AND (`ModbusAppResult`.`createdAt` < '2023-06-14 16:19:57' AND `ModbusAppResult`.`createdAt` > '2023-06-13 16:19:57');","service":"user-service"}
{"level":"info","message":"Executing (default): UPDATE `ModbusAppResult` SET `mch_code`=?,`data_result`=?,`updatedAt`=? WHERE `uuid` = ?","service":"user-service"}
{"level":"info","message":"Executing (default): UPDATE `ModbusAppResult` SET `mch_code`=?,`data_result`=?,`updatedAt`=? WHERE `uuid` = ?","service":"user-service"}
{"level":"info","message":"Executing (default): SELECT `uuid`, `mch_code`, `data_result`, `createdAt`, `updatedAt` FROM `ModbusAppResult` AS `ModbusAppResult` WHERE `ModbusAppResult`.`mch_code` = 'CN-16602' AND (`ModbusAppResult`.`createdAt` < '2023-06-14 16:19:57' AND `ModbusAppResult`.`createdAt` > '2023-06-13 16:19:57');","service":"user-service"}
{"level":"info","message":"Executing (default): UPDATE `ModbusAppResult` SET `mch_code`=?,`data_result`=?,`updatedAt`=? WHERE `uuid` = ?","service":"user-service"}
{"level":"info","message":"Executing (default): UPDATE `ModbusAppResult` SET `mch_code`=?,`data_result`=?,`updatedAt`=? WHERE `uuid` = ?","service":"user-service"}
{"level":"info","message":"Executing (default): SELECT `mch_code`, `mch_name`, `ip_address`, `port_address`, `setId_address`, `setTimeout_address`, `address_register`, `quantity_register`, `data_register` FROM `ModbusApp` AS `ModbusApp`;","service":"user-service"}
{"level":"info","message":"Executing (default): SELECT `uuid`, `mch_code`, `data_result`, `createdAt`, `updatedAt` FROM `ModbusAppResult` AS `ModbusAppResult` WHERE `ModbusAppResult`.`mch_code` = 'CN-16601' AND (`ModbusAppResult`.`createdAt` < '2023-06-14 16:20:07' AND `ModbusAppResult`.`createdAt` > '2023-06-13 16:20:07');","service":"user-service"}
{"level":"info","message":"Executing (default): SELECT `uuid`, `mch_code`, `data_result`, `createdAt`, `updatedAt` FROM `ModbusAppResult` AS `ModbusAppResult` WHERE `ModbusAppResult`.`mch_code` = 'PF-22602' AND (`ModbusAppResult`.`createdAt` < '2023-06-14 16:20:07' AND `ModbusAppResult`.`createdAt` > '2023-06-13 16:20:07');","service":"user-service"}
{"level":"info","message":"Executing (default): SELECT `uuid`, `mch_code`, `data_result`, `createdAt`, `updatedAt` FROM `ModbusAppResult` AS `ModbusAppResult` WHERE `ModbusAppResult`.`mch_code` = 'PF-22601' AND (`ModbusAppResult`.`createdAt` < '2023-06-14 16:20:07' AND `ModbusAppResult`.`createdAt` > '2023-06-13 16:20:07');","service":"user-service"}
{"level":"info","message":"Executing (default): UPDATE `ModbusAppResult` SET `mch_code`=?,`data_result`=?,`updatedAt`=? WHERE `uuid` = ?","service":"user-service"}
{"level":"info","message":"Executing (default): UPDATE `ModbusAppResult` SET `mch_code`=?,`data_result`=?,`updatedAt`=? WHERE `uuid` = ?","service":"user-service"}
{"level":"info","message":"Executing (default): UPDATE `ModbusAppResult` SET `mch_code`=?,`data_result`=?,`updatedAt`=? WHERE `uuid` = ?","service":"user-service"}
{"level":"info","message":"Executing (default): SELECT `uuid`, `mch_code`, `data_result`, `createdAt`, `updatedAt` FROM `ModbusAppResult` AS `ModbusAppResult` WHERE `ModbusAppResult`.`mch_code` = 'CN-16602' AND (`ModbusAppResult`.`createdAt` < '2023-06-14 16:20:07' AND `ModbusAppResult`.`createdAt` > '2023-06-13 16:20:07');","service":"user-service"}
{"level":"info","message":"Executing (default): UPDATE `ModbusAppResult` SET `mch_code`=?,`data_result`=?,`updatedAt`=? WHERE `uuid` = ?","service":"user-service"}
{"level":"info","message":"Executing (default): SELECT `mch_code`, `mch_name`, `ip_address`, `port_address`, `setId_address`, `setTimeout_address`, `address_register`, `quantity_register`, `data_register` FROM `ModbusApp` AS `ModbusApp`;","service":"user-service"}
{"level":"info","message":"Executing (default): SELECT `uuid`, `mch_code`, `data_result`, `createdAt`, `updatedAt` FROM `ModbusAppResult` AS `ModbusAppResult` WHERE `ModbusAppResult`.`mch_code` = 'CN-16601' AND (`ModbusAppResult`.`createdAt` < '2023-06-14 16:20:17' AND `ModbusAppResult`.`createdAt` > '2023-06-13 16:20:17');","service":"user-service"}
{"level":"info","message":"Executing (default): UPDATE `ModbusAppResult` SET `mch_code`=?,`data_result`=?,`updatedAt`=? WHERE `uuid` = ?","service":"user-service"}
{"level":"info","message":"Executing (default): SELECT `uuid`, `mch_code`, `data_result`, `createdAt`, `updatedAt` FROM `ModbusAppResult` AS `ModbusAppResult` WHERE `ModbusAppResult`.`mch_code` = 'PF-22602' AND (`ModbusAppResult`.`createdAt` < '2023-06-14 16:20:17' AND `ModbusAppResult`.`createdAt` > '2023-06-13 16:20:17');","service":"user-service"}
{"level":"info","message":"Executing (default): SELECT `uuid`, `mch_code`, `data_result`, `createdAt`, `updatedAt` FROM `ModbusAppResult` AS `ModbusAppResult` WHERE `ModbusAppResult`.`mch_code` = 'PF-22601' AND (`ModbusAppResult`.`createdAt` < '2023-06-14 16:20:17' AND `ModbusAppResult`.`createdAt` > '2023-06-13 16:20:17');","service":"user-service"}
{"level":"info","message":"Executing (default): SELECT `uuid`, `mch_code`, `data_result`, `createdAt`, `updatedAt` FROM `ModbusAppResult` AS `ModbusAppResult` WHERE `ModbusAppResult`.`mch_code` = 'CN-16602' AND (`ModbusAppResult`.`createdAt` < '2023-06-14 16:20:17' AND `ModbusAppResult`.`createdAt` > '2023-06-13 16:20:17');","service":"user-service"}
{"level":"info","message":"Executing (default): UPDATE `ModbusAppResult` SET `mch_code`=?,`data_result`=?,`updatedAt`=? WHERE `uuid` = ?","service":"user-service"}
{"level":"info","message":"Executing (default): UPDATE `ModbusAppResult` SET `mch_code`=?,`data_result`=?,`updatedAt`=? WHERE `uuid` = ?","service":"user-service"}
{"level":"info","message":"Executing (default): UPDATE `ModbusAppResult` SET `mch_code`=?,`data_result`=?,`updatedAt`=? WHERE `uuid` = ?","service":"user-service"}
{"level":"info","message":"Executing (default): SELECT `mch_code`, `mch_name`, `ip_address`, `port_address`, `setId_address`, `setTimeout_address`, `address_register`, `quantity_register`, `data_register` FROM `ModbusApp` AS `ModbusApp`;","service":"user-service"}
{"level":"info","message":"Executing (default): SELECT `uuid`, `mch_code`, `data_result`, `createdAt`, `updatedAt` FROM `ModbusAppResult` AS `ModbusAppResult` WHERE `ModbusAppResult`.`mch_code` = 'CN-16602' AND (`ModbusAppResult`.`createdAt` < '2023-06-14 16:20:27' AND `ModbusAppResult`.`createdAt` > '2023-06-13 16:20:27');","service":"user-service"}
{"level":"info","message":"Executing (default): UPDATE `ModbusAppResult` SET `mch_code`=?,`data_result`=?,`updatedAt`=? WHERE `uuid` = ?","service":"user-service"}
{"level":"info","message":"Executing (default): SELECT `uuid`, `mch_code`, `data_result`, `createdAt`, `updatedAt` FROM `ModbusAppResult` AS `ModbusAppResult` WHERE `ModbusAppResult`.`mch_code` = 'PF-22602' AND (`ModbusAppResult`.`createdAt` < '2023-06-14 16:20:27' AND `ModbusAppResult`.`createdAt` > '2023-06-13 16:20:27');","service":"user-service"}
{"level":"info","message":"Executing (default): SELECT `uuid`, `mch_code`, `data_result`, `createdAt`, `updatedAt` FROM `ModbusAppResult` AS `ModbusAppResult` WHERE `ModbusAppResult`.`mch_code` = 'PF-22601' AND (`ModbusAppResult`.`createdAt` < '2023-06-14 16:20:27' AND `ModbusAppResult`.`createdAt` > '2023-06-13 16:20:27');","service":"user-service"}
{"level":"info","message":"Executing (default): UPDATE `ModbusAppResult` SET `mch_code`=?,`data_result`=?,`updatedAt`=? WHERE `uuid` = ?","service":"user-service"}
{"level":"info","message":"Executing (default): SELECT `uuid`, `mch_code`, `data_result`, `createdAt`, `updatedAt` FROM `ModbusAppResult` AS `ModbusAppResult` WHERE `ModbusAppResult`.`mch_code` = 'CN-16601' AND (`ModbusAppResult`.`createdAt` < '2023-06-14 16:20:27' AND `ModbusAppResult`.`createdAt` > '2023-06-13 16:20:27');","service":"user-service"}
{"level":"info","message":"Executing (default): UPDATE `ModbusAppResult` SET `mch_code`=?,`data_result`=?,`updatedAt`=? WHERE `uuid` = ?","service":"user-service"}
{"level":"info","message":"Executing (default): UPDATE `ModbusAppResult` SET `mch_code`=?,`data_result`=?,`updatedAt`=? WHERE `uuid` = ?","service":"user-service"}
{"level":"info","message":"Executing (default): SELECT `mch_code`, `mch_name`, `ip_address`, `port_address`, `setId_address`, `setTimeout_address`, `address_register`, `quantity_register`, `data_register` FROM `ModbusApp` AS `ModbusApp`;","service":"user-service"}
{"level":"info","message":"Executing (default): SELECT `uuid`, `mch_code`, `data_result`, `createdAt`, `updatedAt` FROM `ModbusAppResult` AS `ModbusAppResult` WHERE `ModbusAppResult`.`mch_code` = 'CN-16602' AND (`ModbusAppResult`.`createdAt` < '2023-06-14 16:22:29' AND `ModbusAppResult`.`createdAt` > '2023-06-13 16:22:29');","service":"user-service"}
{"level":"info","message":"Executing (default): SELECT `uuid`, `mch_code`, `data_result`, `createdAt`, `updatedAt` FROM `ModbusAppResult` AS `ModbusAppResult` WHERE `ModbusAppResult`.`mch_code` = 'PF-22601' AND (`ModbusAppResult`.`createdAt` < '2023-06-14 16:22:29' AND `ModbusAppResult`.`createdAt` > '2023-06-13 16:22:29');","service":"user-service"}
{"level":"info","message":"Executing (default): SELECT `uuid`, `mch_code`, `data_result`, `createdAt`, `updatedAt` FROM `ModbusAppResult` AS `ModbusAppResult` WHERE `ModbusAppResult`.`mch_code` = 'CN-16601' AND (`ModbusAppResult`.`createdAt` < '2023-06-14 16:22:29' AND `ModbusAppResult`.`createdAt` > '2023-06-13 16:22:29');","service":"user-service"}
{"level":"info","message":"Executing (default): SELECT `uuid`, `mch_code`, `data_result`, `createdAt`, `updatedAt` FROM `ModbusAppResult` AS `ModbusAppResult` WHERE `ModbusAppResult`.`mch_code` = 'PF-22602' AND (`ModbusAppResult`.`createdAt` < '2023-06-14 16:22:29' AND `ModbusAppResult`.`createdAt` > '2023-06-13 16:22:29');","service":"user-service"}
{"level":"info","message":"Executing (default): SELECT `mch_code`, `mch_name`, `ip_address`, `port_address`, `setId_address`, `setTimeout_address`, `address_register`, `quantity_register`, `data_register` FROM `ModbusApp` AS `ModbusApp`;","service":"user-service"}
{"level":"info","message":"Executing (default): SELECT `uuid`, `mch_code`, `data_result`, `createdAt`, `updatedAt` FROM `ModbusAppResult` AS `ModbusAppResult` WHERE `ModbusAppResult`.`mch_code` = 'CN-16601' AND (`ModbusAppResult`.`createdAt` < '2023-06-14 16:22:39' AND `ModbusAppResult`.`createdAt` > '2023-06-13 16:22:39');","service":"user-service"}
{"level":"info","message":"Executing (default): SELECT `uuid`, `mch_code`, `data_result`, `createdAt`, `updatedAt` FROM `ModbusAppResult` AS `ModbusAppResult` WHERE `ModbusAppResult`.`mch_code` = 'PF-22601' AND (`ModbusAppResult`.`createdAt` < '2023-06-14 16:22:39' AND `ModbusAppResult`.`createdAt` > '2023-06-13 16:22:39');","service":"user-service"}
{"level":"info","message":"Executing (default): SELECT `uuid`, `mch_code`, `data_result`, `createdAt`, `updatedAt` FROM `ModbusAppResult` AS `ModbusAppResult` WHERE `ModbusAppResult`.`mch_code` = 'CN-16602' AND (`ModbusAppResult`.`createdAt` < '2023-06-14 16:22:39' AND `ModbusAppResult`.`createdAt` > '2023-06-13 16:22:39');","service":"user-service"}
{"level":"info","message":"Executing (default): SELECT `uuid`, `mch_code`, `data_result`, `createdAt`, `updatedAt` FROM `ModbusAppResult` AS `ModbusAppResult` WHERE `ModbusAppResult`.`mch_code` = 'PF-22602' AND (`ModbusAppResult`.`createdAt` < '2023-06-14 16:22:39' AND `ModbusAppResult`.`createdAt` > '2023-06-13 16:22:39');","service":"user-service"}
{"level":"info","message":"Executing (default): SELECT `mch_code`, `mch_name`, `ip_address`, `port_address`, `setId_address`, `setTimeout_address`, `address_register`, `quantity_register`, `data_register` FROM `ModbusApp` AS `ModbusApp`;","service":"user-service"}
{"level":"info","message":"Executing (default): SELECT `uuid`, `mch_code`, `data_result`, `createdAt`, `updatedAt` FROM `ModbusAppResult` AS `ModbusAppResult` WHERE `ModbusAppResult`.`mch_code` = 'CN-16602' AND (`ModbusAppResult`.`createdAt` < '2023-06-14 16:22:49' AND `ModbusAppResult`.`createdAt` > '2023-06-13 16:22:49');","service":"user-service"}
{"level":"info","message":"Executing (default): SELECT `uuid`, `mch_code`, `data_result`, `createdAt`, `updatedAt` FROM `ModbusAppResult` AS `ModbusAppResult` WHERE `ModbusAppResult`.`mch_code` = 'PF-22602' AND (`ModbusAppResult`.`createdAt` < '2023-06-14 16:22:49' AND `ModbusAppResult`.`createdAt` > '2023-06-13 16:22:49');","service":"user-service"}
{"level":"info","message":"Executing (default): SELECT `uuid`, `mch_code`, `data_result`, `createdAt`, `updatedAt` FROM `ModbusAppResult` AS `ModbusAppResult` WHERE `ModbusAppResult`.`mch_code` = 'CN-16601' AND (`ModbusAppResult`.`createdAt` < '2023-06-14 16:22:49' AND `ModbusAppResult`.`createdAt` > '2023-06-13 16:22:49');","service":"user-service"}
{"level":"info","message":"Executing (default): SELECT `uuid`, `mch_code`, `data_result`, `createdAt`, `updatedAt` FROM `ModbusAppResult` AS `ModbusAppResult` WHERE `ModbusAppResult`.`mch_code` = 'PF-22601' AND (`ModbusAppResult`.`createdAt` < '2023-06-14 16:22:49' AND `ModbusAppResult`.`createdAt` > '2023-06-13 16:22:49');","service":"user-service"}
{"level":"info","message":"Executing (default): SELECT `mch_code`, `mch_name`, `ip_address`, `port_address`, `setId_address`, `setTimeout_address`, `address_register`, `quantity_register`, `data_register` FROM `ModbusApp` AS `ModbusApp`;","service":"user-service"}
{"level":"info","message":"Executing (default): SELECT `uuid`, `mch_code`, `data_result`, `createdAt`, `updatedAt` FROM `ModbusAppResult` AS `ModbusAppResult` WHERE `ModbusAppResult`.`mch_code` = 'CN-16601' AND (`ModbusAppResult`.`createdAt` < '2023-06-14 16:22:59' AND `ModbusAppResult`.`createdAt` > '2023-06-13 16:22:59');","service":"user-service"}
{"level":"info","message":"Executing (default): SELECT `uuid`, `mch_code`, `data_result`, `createdAt`, `updatedAt` FROM `ModbusAppResult` AS `ModbusAppResult` WHERE `ModbusAppResult`.`mch_code` = 'PF-22601' AND (`ModbusAppResult`.`createdAt` < '2023-06-14 16:22:59' AND `ModbusAppResult`.`createdAt` > '2023-06-13 16:22:59');","service":"user-service"}
{"level":"info","message":"Executing (default): SELECT `uuid`, `mch_code`, `data_result`, `createdAt`, `updatedAt` FROM `ModbusAppResult` AS `ModbusAppResult` WHERE `ModbusAppResult`.`mch_code` = 'CN-16602' AND (`ModbusAppResult`.`createdAt` < '2023-06-14 16:22:59' AND `ModbusAppResult`.`createdAt` > '2023-06-13 16:22:59');","service":"user-service"}
{"level":"info","message":"Executing (default): SELECT `uuid`, `mch_code`, `data_result`, `createdAt`, `updatedAt` FROM `ModbusAppResult` AS `ModbusAppResult` WHERE `ModbusAppResult`.`mch_code` = 'PF-22602' AND (`ModbusAppResult`.`createdAt` < '2023-06-14 16:22:59' AND `ModbusAppResult`.`createdAt` > '2023-06-13 16:22:59');","service":"user-service"}
{"level":"info","message":"Executing (default): SELECT `mch_code`, `mch_name`, `ip_address`, `port_address`, `setId_address`, `setTimeout_address`, `address_register`, `quantity_register`, `data_register` FROM `ModbusApp` AS `ModbusApp`;","service":"user-service"}
{"level":"info","message":"Executing (default): SELECT `uuid`, `mch_code`, `data_result`, `createdAt`, `updatedAt` FROM `ModbusAppResult` AS `ModbusAppResult` WHERE `ModbusAppResult`.`mch_code` = 'PF-22602' AND (`ModbusAppResult`.`createdAt` < '2023-06-14 16:23:09' AND `ModbusAppResult`.`createdAt` > '2023-06-13 16:23:09');","service":"user-service"}
{"level":"info","message":"Executing (default): SELECT `uuid`, `mch_code`, `data_result`, `createdAt`, `updatedAt` FROM `ModbusAppResult` AS `ModbusAppResult` WHERE `ModbusAppResult`.`mch_code` = 'CN-16601' AND (`ModbusAppResult`.`createdAt` < '2023-06-14 16:23:09' AND `ModbusAppResult`.`createdAt` > '2023-06-13 16:23:09');","service":"user-service"}
{"level":"info","message":"Executing (default): SELECT `uuid`, `mch_code`, `data_result`, `createdAt`, `updatedAt` FROM `ModbusAppResult` AS `ModbusAppResult` WHERE `ModbusAppResult`.`mch_code` = 'PF-22601' AND (`ModbusAppResult`.`createdAt` < '2023-06-14 16:23:09' AND `ModbusAppResult`.`createdAt` > '2023-06-13 16:23:09');","service":"user-service"}
{"level":"info","message":"Executing (default): SELECT `uuid`, `mch_code`, `data_result`, `createdAt`, `updatedAt` FROM `ModbusAppResult` AS `ModbusAppResult` WHERE `ModbusAppResult`.`mch_code` = 'CN-16602' AND (`ModbusAppResult`.`createdAt` < '2023-06-14 16:23:09' AND `ModbusAppResult`.`createdAt` > '2023-06-13 16:23:09');","service":"user-service"}
{"level":"info","message":"Executing (default): SELECT `mch_code`, `mch_name`, `ip_address`, `port_address`, `setId_address`, `setTimeout_address`, `address_register`, `quantity_register`, `data_register` FROM `ModbusApp` AS `ModbusApp`;","service":"user-service"}
{"level":"info","message":"Executing (default): SELECT `uuid`, `mch_code`, `data_result`, `createdAt`, `updatedAt` FROM `ModbusAppResult` AS `ModbusAppResult` WHERE `ModbusAppResult`.`mch_code` = 'CN-16602' AND (`ModbusAppResult`.`createdAt` < '2023-06-14 16:23:19' AND `ModbusAppResult`.`createdAt` > '2023-06-13 16:23:19');","service":"user-service"}
{"level":"info","message":"Executing (default): SELECT `uuid`, `mch_code`, `data_result`, `createdAt`, `updatedAt` FROM `ModbusAppResult` AS `ModbusAppResult` WHERE `ModbusAppResult`.`mch_code` = 'PF-22602' AND (`ModbusAppResult`.`createdAt` < '2023-06-14 16:23:19' AND `ModbusAppResult`.`createdAt` > '2023-06-13 16:23:19');","service":"user-service"}
{"level":"info","message":"Executing (default): SELECT `uuid`, `mch_code`, `data_result`, `createdAt`, `updatedAt` FROM `ModbusAppResult` AS `ModbusAppResult` WHERE `ModbusAppResult`.`mch_code` = 'CN-16601' AND (`ModbusAppResult`.`createdAt` < '2023-06-14 16:23:19' AND `ModbusAppResult`.`createdAt` > '2023-06-13 16:23:19');","service":"user-service"}
{"level":"info","message":"Executing (default): SELECT `uuid`, `mch_code`, `data_result`, `createdAt`, `updatedAt` FROM `ModbusAppResult` AS `ModbusAppResult` WHERE `ModbusAppResult`.`mch_code` = 'PF-22601' AND (`ModbusAppResult`.`createdAt` < '2023-06-14 16:23:19' AND `ModbusAppResult`.`createdAt` > '2023-06-13 16:23:19');","service":"user-service"}
{"level":"info","message":"Executing (default): SELECT `mch_code`, `mch_name`, `ip_address`, `port_address`, `setId_address`, `setTimeout_address`, `address_register`, `quantity_register`, `data_register` FROM `ModbusApp` AS `ModbusApp`;","service":"user-service"}
{"level":"info","message":"Executing (default): SELECT `uuid`, `mch_code`, `data_result`, `createdAt`, `updatedAt` FROM `ModbusAppResult` AS `ModbusAppResult` WHERE `ModbusAppResult`.`mch_code` = 'CN-16602' AND (`ModbusAppResult`.`createdAt` < '2023-06-14 16:23:29' AND `ModbusAppResult`.`createdAt` > '2023-06-13 16:23:29');","service":"user-service"}
{"level":"info","message":"Executing (default): SELECT `uuid`, `mch_code`, `data_result`, `createdAt`, `updatedAt` FROM `ModbusAppResult` AS `ModbusAppResult` WHERE `ModbusAppResult`.`mch_code` = 'PF-22601' AND (`ModbusAppResult`.`createdAt` < '2023-06-14 16:23:29' AND `ModbusAppResult`.`createdAt` > '2023-06-13 16:23:29');","service":"user-service"}
{"level":"info","message":"Executing (default): SELECT `uuid`, `mch_code`, `data_result`, `createdAt`, `updatedAt` FROM `ModbusAppResult` AS `ModbusAppResult` WHERE `ModbusAppResult`.`mch_code` = 'PF-22602' AND (`ModbusAppResult`.`createdAt` < '2023-06-14 16:23:29' AND `ModbusAppResult`.`createdAt` > '2023-06-13 16:23:29');","service":"user-service"}
{"level":"info","message":"Executing (default): SELECT `uuid`, `mch_code`, `data_result`, `createdAt`, `updatedAt` FROM `ModbusAppResult` AS `ModbusAppResult` WHERE `ModbusAppResult`.`mch_code` = 'CN-16601' AND (`ModbusAppResult`.`createdAt` < '2023-06-14 16:23:29' AND `ModbusAppResult`.`createdAt` > '2023-06-13 16:23:29');","service":"user-service"}
{"level":"info","message":"Executing (default): SELECT `mch_code`, `mch_name`, `ip_address`, `port_address`, `setId_address`, `setTimeout_address`, `address_register`, `quantity_register`, `data_register` FROM `ModbusApp` AS `ModbusApp`;","service":"user-service"}
{"level":"info","message":"Executing (default): SELECT `uuid`, `mch_code`, `data_result`, `createdAt`, `updatedAt` FROM `ModbusAppResult` AS `ModbusAppResult` WHERE `ModbusAppResult`.`mch_code` = 'CN-16602' AND (`ModbusAppResult`.`createdAt` < '2023-06-14 16:23:39' AND `ModbusAppResult`.`createdAt` > '2023-06-13 16:23:39');","service":"user-service"}
{"level":"info","message":"Executing (default): SELECT `uuid`, `mch_code`, `data_result`, `createdAt`, `updatedAt` FROM `ModbusAppResult` AS `ModbusAppResult` WHERE `ModbusAppResult`.`mch_code` = 'PF-22602' AND (`ModbusAppResult`.`createdAt` < '2023-06-14 16:23:39' AND `ModbusAppResult`.`createdAt` > '2023-06-13 16:23:39');","service":"user-service"}
{"level":"info","message":"Executing (default): SELECT `uuid`, `mch_code`, `data_result`, `createdAt`, `updatedAt` FROM `ModbusAppResult` AS `ModbusAppResult` WHERE `ModbusAppResult`.`mch_code` = 'PF-22601' AND (`ModbusAppResult`.`createdAt` < '2023-06-14 16:23:39' AND `ModbusAppResult`.`createdAt` > '2023-06-13 16:23:39');","service":"user-service"}
{"level":"info","message":"Executing (default): SELECT `uuid`, `mch_code`, `data_result`, `createdAt`, `updatedAt` FROM `ModbusAppResult` AS `ModbusAppResult` WHERE `ModbusAppResult`.`mch_code` = 'CN-16601' AND (`ModbusAppResult`.`createdAt` < '2023-06-14 16:23:39' AND `ModbusAppResult`.`createdAt` > '2023-06-13 16:23:39');","service":"user-service"}
{"level":"info","message":"Executing (default): UPDATE `ModbusAppResult` SET `mch_code`=?,`updatedAt`=? WHERE `uuid` = ?","service":"user-service"}
{"level":"info","message":"Executing (default): UPDATE `ModbusAppResult` SET `mch_code`=?,`updatedAt`=? WHERE `uuid` = ?","service":"user-service"}
{"level":"info","message":"Executing (default): UPDATE `ModbusAppResult` SET `mch_code`=?,`updatedAt`=? WHERE `uuid` = ?","service":"user-service"}
{"level":"info","message":"Executing (default): UPDATE `ModbusAppResult` SET `mch_code`=?,`updatedAt`=? WHERE `uuid` = ?","service":"user-service"}
